Using pre-set license
Built from '2021.1/staging' branch; Version is '2021.1.6f1 (c0fade0cc7e9) revision 12647134'; Using compiler version '192528614'; Build Type 'Release'
OS: 'Windows 10 Pro; OS build 19043.1348; Version 2009; 64bit' Language: 'pl' Physical Memory: 16348 MB
BatchMode: 1, IsHumanControllingUs: 0, StartBugReporterOnCrash: 0, Is64bit: 1, IsPro: 0

 COMMAND LINE ARGUMENTS:
C:\Program Files\Unity\Hub\Editor\2021.1.6f1\Editor\Unity.exe
-adb2
-batchMode
-noUpm
-name
AssetImportWorker0
-projectPath
D:/T3G_2/Replace Object Tool/Replace Object Tool
-logFile
Logs/AssetImportWorker0.log
-srvPort
50459
Successfully changed project path to: D:/T3G_2/Replace Object Tool/Replace Object Tool
D:/T3G_2/Replace Object Tool/Replace Object Tool
Using Asset Import Pipeline V2.
Refreshing native plugins compatible for Editor in 66.51 ms, found 1 plugins.
Preloading 0 native plugins for Editor in 0.00 ms.
Initialize engine version: 2021.1.6f1 (c0fade0cc7e9)
[Subsystems] Discovering subsystems at path C:/Program Files/Unity/Hub/Editor/2021.1.6f1/Editor/Data/Resources/UnitySubsystems
[Subsystems] Discovering subsystems at path D:/T3G_2/Replace Object Tool/Replace Object Tool/Assets
GfxDevice: creating device client; threaded=0; jobified=0
Direct3D:
    Version:  Direct3D 11.0 [level 11.1]
    Renderer: NVIDIA GeForce GTX 1060 6GB (ID=0x1c03)
    Vendor:   NVIDIA
    VRAM:     6052 MB
    Driver:   30.0.14.9676
Initialize mono
Mono path[0] = 'C:/Program Files/Unity/Hub/Editor/2021.1.6f1/Editor/Data/Managed'
Mono path[1] = 'C:/Program Files/Unity/Hub/Editor/2021.1.6f1/Editor/Data/MonoBleedingEdge/lib/mono/unityjit'
Mono config path = 'C:/Program Files/Unity/Hub/Editor/2021.1.6f1/Editor/Data/MonoBleedingEdge/etc'
Using monoOptions --debugger-agent=transport=dt_socket,embedding=1,server=y,suspend=n,address=127.0.0.1:56520
Begin MonoManager ReloadAssembly
Registering precompiled unity dll's ...
Register platform support module: C:/Program Files/Unity/Hub/Editor/2021.1.6f1/Editor/Data/PlaybackEngines/WindowsStandaloneSupport/UnityEditor.WindowsStandalone.Extensions.dll
Registered in 0.001737 seconds.
Native extension for WindowsStandalone target not found
Refreshing native plugins compatible for Editor in 64.06 ms, found 1 plugins.
Preloading 0 native plugins for Editor in 0.00 ms.
Mono: successfully reloaded assembly
- Completed reload, in  1.478 seconds
Platform modules already initialized, skipping
Registering precompiled user dll's ...
Registered in 0.002226 seconds.
Begin MonoManager ReloadAssembly
Native extension for WindowsStandalone target not found
Refreshing native plugins compatible for Editor in 0.55 ms, found 1 plugins.
Preloading 0 native plugins for Editor in 0.00 ms.
Mono: successfully reloaded assembly
- Completed reload, in  1.565 seconds
Platform modules already initialized, skipping
========================================================================
Worker process is ready to serve import requests
Launched and connected shader compiler UnityShaderCompiler.exe after 0.07 seconds
Refreshing native plugins compatible for Editor in 0.49 ms, found 1 plugins.
Preloading 0 native plugins for Editor in 0.00 ms.
Unloading 2665 Unused Serialized files (Serialized files now loaded: 0)
System memory in use before: 98.1 MB.
System memory in use after: 98.2 MB.

Unloading 15 unused Assets to reduce memory usage. Loaded Objects now: 3117.
Total: 5.780900 ms (FindLiveObjects: 0.336400 ms CreateObjectMapping: 0.474700 ms MarkObjects: 4.902500 ms  DeleteObjects: 0.065900 ms)

========================================================================
Received Import Request.
  path: Assets/Scenes
  artifactKey: Guid(a63e34058a47ce94b9f1a903952e4c55) Importer(815301076,1909f56bfc062723c751e8b465ee728b)
Start importing Assets/Scenes using Guid(a63e34058a47ce94b9f1a903952e4c55) Importer(815301076,1909f56bfc062723c751e8b465ee728b)  -> (artifact id: '9104f4829a790eb54f30eee941921f76') in 0.022291 seconds 
========================================================================
Received Import Request.
  Time since last request: 0.588238 seconds.
  path: Assets/Scenes/Scripts
  artifactKey: Guid(617da52bd4d96ed4c99d48cc0492b2ef) Importer(815301076,1909f56bfc062723c751e8b465ee728b)
Start importing Assets/Scenes/Scripts using Guid(617da52bd4d96ed4c99d48cc0492b2ef) Importer(815301076,1909f56bfc062723c751e8b465ee728b)  -> (artifact id: '71b0284abd3efa71ddf6ee7b04b8a07f') in 0.005435 seconds 
========================================================================
Received Import Request.
  Time since last request: 4.704718 seconds.
  path: Assets/Scenes/Scripts/Editor
  artifactKey: Guid(8fefd43b92bfa6245887f4967f328638) Importer(815301076,1909f56bfc062723c751e8b465ee728b)
Start importing Assets/Scenes/Scripts/Editor using Guid(8fefd43b92bfa6245887f4967f328638) Importer(815301076,1909f56bfc062723c751e8b465ee728b)  -> (artifact id: '0bfb42c37f19c71e0b38b9bd9dc0b373') in 0.006736 seconds 
========================================================================
Received Import Request.
  Time since last request: 2.766518 seconds.
  path: Assets/Scenes/SampleScene.unity
  artifactKey: Guid(9fc0d4010bbf28b4594072e72b8655ab) Importer(815301076,1909f56bfc062723c751e8b465ee728b)
Start importing Assets/Scenes/SampleScene.unity using Guid(9fc0d4010bbf28b4594072e72b8655ab) Importer(815301076,1909f56bfc062723c751e8b465ee728b)  -> (artifact id: '85059f4f9e1a832ed95adaa0d25c5c4c') in 0.013482 seconds 
========================================================================
Received Import Request.
  Time since last request: 8.447446 seconds.
  path: Assets/Scenes/Replace Tool.unity
  artifactKey: Guid(9fc0d4010bbf28b4594072e72b8655ab) Importer(815301076,1909f56bfc062723c751e8b465ee728b)
Start importing Assets/Scenes/Replace Tool.unity using Guid(9fc0d4010bbf28b4594072e72b8655ab) Importer(815301076,1909f56bfc062723c751e8b465ee728b)  -> (artifact id: 'dcdcdcef381887b2276fe7c23518c6fb') in 0.005173 seconds 
========================================================================
Received Prepare
Registering precompiled user dll's ...
Registered in 0.001810 seconds.
Begin MonoManager ReloadAssembly
Native extension for WindowsStandalone target not found
Refreshing native plugins compatible for Editor in 0.42 ms, found 1 plugins.
Preloading 0 native plugins for Editor in 0.00 ms.
Mono: successfully reloaded assembly
- Completed reload, in  0.752 seconds
Platform modules already initialized, skipping
Refreshing native plugins compatible for Editor in 0.44 ms, found 1 plugins.
Preloading 0 native plugins for Editor in 0.00 ms.
Unloading 2662 Unused Serialized files (Serialized files now loaded: 0)
System memory in use before: 98.1 MB.
System memory in use after: 98.3 MB.

Unloading 10 unused Assets to reduce memory usage. Loaded Objects now: 3122.
Total: 2.130800 ms (FindLiveObjects: 0.193100 ms CreateObjectMapping: 0.123700 ms MarkObjects: 1.770300 ms  DeleteObjects: 0.042800 ms)

========================================================================
Received Prepare
Registering precompiled user dll's ...
Registered in 0.002117 seconds.
Begin MonoManager ReloadAssembly
Native extension for WindowsStandalone target not found
Refreshing native plugins compatible for Editor in 0.45 ms, found 1 plugins.
Preloading 0 native plugins for Editor in 0.00 ms.
Mono: successfully reloaded assembly
- Completed reload, in  0.747 seconds
Platform modules already initialized, skipping
Refreshing native plugins compatible for Editor in 0.65 ms, found 1 plugins.
Preloading 0 native plugins for Editor in 0.00 ms.
Unloading 2662 Unused Serialized files (Serialized files now loaded: 0)
System memory in use before: 98.1 MB.
System memory in use after: 98.3 MB.

Unloading 10 unused Assets to reduce memory usage. Loaded Objects now: 3125.
Total: 2.560400 ms (FindLiveObjects: 0.300600 ms CreateObjectMapping: 0.165600 ms MarkObjects: 2.036300 ms  DeleteObjects: 0.056500 ms)

========================================================================
Received Import Request.
  Time since last request: 100.222047 seconds.
  path: Assets/Scripts/Editor/ReplaceToolWindow.cs
  artifactKey: Guid(17691a54dc0fef844a8ff148a651a565) Importer(815301076,1909f56bfc062723c751e8b465ee728b)
Start importing Assets/Scripts/Editor/ReplaceToolWindow.cs using Guid(17691a54dc0fef844a8ff148a651a565) Importer(815301076,1909f56bfc062723c751e8b465ee728b)  -> (artifact id: '629b51f6151c00b97dad81b574c3a7b4') in 0.022852 seconds 
========================================================================
Received Prepare
Registering precompiled user dll's ...
Registered in 0.001821 seconds.
Begin MonoManager ReloadAssembly
Native extension for WindowsStandalone target not found
Refreshing native plugins compatible for Editor in 0.42 ms, found 1 plugins.
Preloading 0 native plugins for Editor in 0.00 ms.
Mono: successfully reloaded assembly
- Completed reload, in  0.774 seconds
Platform modules already initialized, skipping
Refreshing native plugins compatible for Editor in 0.51 ms, found 1 plugins.
Preloading 0 native plugins for Editor in 0.00 ms.
Unloading 2662 Unused Serialized files (Serialized files now loaded: 0)
System memory in use before: 98.2 MB.
System memory in use after: 98.4 MB.

Unloading 10 unused Assets to reduce memory usage. Loaded Objects now: 3128.
Total: 1.884000 ms (FindLiveObjects: 0.187500 ms CreateObjectMapping: 0.102900 ms MarkObjects: 1.542400 ms  DeleteObjects: 0.050300 ms)

========================================================================
Received Import Request.
  Time since last request: 95.734795 seconds.
  path: Assets/Scripts/Editor/ReplaceToolWindow.cs
  artifactKey: Guid(17691a54dc0fef844a8ff148a651a565) Importer(815301076,1909f56bfc062723c751e8b465ee728b)
Start importing Assets/Scripts/Editor/ReplaceToolWindow.cs using Guid(17691a54dc0fef844a8ff148a651a565) Importer(815301076,1909f56bfc062723c751e8b465ee728b)  -> (artifact id: 'e2835735211ecf146372ff1215f420b4') in 0.004788 seconds 
========================================================================
Received Import Request.
  Time since last request: 13.645663 seconds.
  path: Assets/Scripts/Editor/ReplaceData.cs
  artifactKey: Guid(588c4b193bd46cc44b4258c687274682) Importer(815301076,1909f56bfc062723c751e8b465ee728b)
Start importing Assets/Scripts/Editor/ReplaceData.cs using Guid(588c4b193bd46cc44b4258c687274682) Importer(815301076,1909f56bfc062723c751e8b465ee728b)  -> (artifact id: '741728477e33a827d252e0ff4f9002ac') in 0.004995 seconds 
========================================================================
Received Prepare
Registering precompiled user dll's ...
Registered in 0.002730 seconds.
Begin MonoManager ReloadAssembly
Native extension for WindowsStandalone target not found
Refreshing native plugins compatible for Editor in 0.64 ms, found 1 plugins.
Preloading 0 native plugins for Editor in 0.00 ms.
Mono: successfully reloaded assembly
- Completed reload, in  0.756 seconds
Platform modules already initialized, skipping
Refreshing native plugins compatible for Editor in 0.43 ms, found 1 plugins.
Preloading 0 native plugins for Editor in 0.00 ms.
Unloading 2662 Unused Serialized files (Serialized files now loaded: 0)
System memory in use before: 98.2 MB.
System memory in use after: 98.4 MB.

Unloading 10 unused Assets to reduce memory usage. Loaded Objects now: 3131.
Total: 1.827400 ms (FindLiveObjects: 0.194200 ms CreateObjectMapping: 0.092800 ms MarkObjects: 1.501900 ms  DeleteObjects: 0.037600 ms)

AssetImportWorkerClient::OnTransportError - code=2 error=End of file
